[0mGET /api/website/product/collection-Product?slug=new%20arrival&page=1&limit=20 [31m500[0m 9.606 ms - 2216[0m
[0mGET /api/website/product/collection-Product?slug=new%20arrival&page=1&limit=20 [31m500[0m 13.434 ms - 2231[0m
[0mGET /api/order/totalDash-list [32m200[0m 165.628 ms - 83[0m
[0mGET /api/order/totalDash-list [32m200[0m 54.856 ms - 83[0m
[0mGET /api/website/product/detail?productId=190&slug=yellow-cord-set-with-multi-color-tikki [31m500[0m 10.160 ms - 2226[0m
[0mGET /api/website/product/detail?productId=190&slug=yellow-cord-set-with-multi-color-tikki [31m500[0m 15.071 ms - 2226[0m
[0mGET /api/website/product/detail?productId=190&slug=yellow-cord-set-with-multi-color-tikki [31m500[0m 15.259 ms - 2226[0m
[0mGET /api/website/product/collection-Product?slug=new%20arrival&page=1&limit=20 [31m500[0m 11.121 ms - 2231[0m
[0mGET /api/order/totalDash-list [32m200[0m 51.178 ms - 83[0m
[0mGET /api/order/calculateShippingCost [32m200[0m 496.028 ms - 30[0m
[0mGET /api/website/getAllProductLists?page=2&limit=20 [31m500[0m 13.334 ms - 2228[0m
[0mPOST /api/order/create [31m500[0m 57.652 ms - 32[0m
[0mPOST /api/order/create [32m200[0m 1765.542 ms - 200[0m
[0mGET /api/seller/history-product?searchString=palla [32m200[0m 199.074 ms - 62[0m
[0mGET /api/seller/history-product?searchString=palla [32m200[0m 92.221 ms - 62[0m
[0mPOST /api/order/list [32m200[0m 56.560 ms - 5692[0m
[0mGET /api/seller/admin/product/search?id=190 [32m200[0m 43.113 ms - 206[0m
[0mPUT /api/carts/clearCart?email=armanji.ali@outlook.com [32m200[0m 75.332 ms - 54[0m
[0mPOST /api/order/list [32m200[0m 95.146 ms - 5692[0m
[0mGET /api/category/getAllSubCategory?categoryId=14 [32m200[0m 34.626 ms - 734[0m
[0mGET /api/website/collection/list [33m404[0m 6.266 ms - 2195[0m
[0mPOST /api/payment/card-detail [32m200[0m 534.716 ms - 881[0m
[0mGET /api/seller/history-product?page=1&searchString=bo [32m200[0m 299.782 ms - 161982[0m
[0mGET /api/website/product/collection-Product?slug=new%20arrival&page=1&limit=20 [31m500[0m 9.124 ms - 2231[0m
[0mGET /api/website/product/collection-Product?slug=new%20arrival&page=1&limit=20 [31m500[0m 14.089 ms - 2231[0m
[0mGET /api/website/product/collection-Product?slug=new%20arrival&page=1&limit=20 [31m500[0m 15.088 ms - 2231[0m
[0mGET /api/website/product/collection-Product?slug=new%20arrival&page=1&limit=20 [31m500[0m 15.848 ms - 2231[0m
[0mGET /api/website/product/collection-Product?slug=new%20arrival&page=1&limit=20 [31m500[0m 14.543 ms - 2231[0m
[0mGET /api/website/product/collection-Product?slug=new%20arrival&page=1&limit=20 [31m500[0m 14.505 ms - 2231[0m
[0mGET /api/website/product/collection-Product?slug=new%20arrival&page=1&limit=20 [31m500[0m 19.518 ms - 2231[0m
[0mGET /api/website/product/collection-Product?slug=new%20arrival&page=1&limit=20 [31m500[0m 15.818 ms - 2231[0m
[0mGET /api/website/product/collection-Product?slug=new%20arrival&page=1&limit=20 [31m500[0m 22.776 ms - 2231[0m
[0mGET /api/seller/history-product?page=1&searchString=bo [32m200[0m 359.647 ms - 161982[0m
[0mGET /api/website/product/collection-Product?slug=new%20arrival&page=1&limit=20 [32m200[0m 335.013 ms - 10315[0m
[0mGET /api/website/catalog/product/search?filter_category=boy&page=1&limit=10&filter_SubCategory=kurta%20set&filter_memory=1%20to%202%20Yrs&filter_color=pink [32m200[0m 339.907 ms - 388[0m
[0mGET /api/website/relatedProduct?productId=190&slug=yellow-cord-set-with-multi-color-tikki [32m200[0m 923.476 ms - 5984[0m
[0mGET /api/website/product/detail?productId=190&slug=yellow-cord-set-with-multi-color-tikki [32m200[0m 153.159 ms - 11626[0m
[0mGET /api/website/getAllProductLists?page=2&limit=20 [32m200[0m 940.030 ms - 10937[0m
[0mGET /api/website/collection/list [33m404[0m 8.157 ms - 2195[0m
[0mPOST /api/website/collection/list [32m200[0m 144.642 ms - 5030[0m
[0mOPTIONS /api/auth/rootLogin [32m204[0m 65.962 ms - 0[0m
[0mOPTIONS /api/auth/rootLogin [32m204[0m 15.478 ms - 0[0m
[0mOPTIONS /api/auth/rootLogin [32m204[0m 18.703 ms - 0[0m
[0mOPTIONS /api/auth/rootLogin [32m204[0m 8.878 ms - 0[0m
[0mPOST /api/auth/rootLogin [32m200[0m 744.690 ms - 189[0m
[0mOPTIONS /api/order/notifications [32m204[0m 1.814 ms - 0[0m
[0mOPTIONS /api/order/list [32m204[0m 1.190 ms - 0[0m
[0mOPTIONS /api/order/count [32m204[0m 1.905 ms - 0[0m
[0mOPTIONS /api/order/totalDash-list [32m204[0m 0.851 ms - 0[0m
[0mPOST /api/order/list [32m200[0m 241.847 ms - 5692[0m
[0mGET /api/order/totalDash-list [32m200[0m 213.522 ms - 83[0m
[0mGET /api/order/count [32m200[0m 201.677 ms - 121[0m
[0mGET /api/order/notifications [32m200[0m 338.299 ms - 625[0m
[0mOPTIONS /api/order/notifications [32m204[0m 1.144 ms - 0[0m
[0mOPTIONS /api/seller/history-product?limit=20&page=1 [32m204[0m 0.951 ms - 0[0m
[0mGET /api/order/notifications [36m304[0m 251.750 ms - -[0m
[0mGET /api/seller/history-product?limit=20&page=1 [32m200[0m 693.072 ms - 447490[0m
[0mOPTIONS /api/seller/image/main-upload [32m204[0m 2.546 ms - 0[0m
[0mPUT /api/seller/image/main-upload [31m500[0m 93.678 ms - 2591[0m
[0mOPTIONS /api/seller/image/main-upload [32m204[0m 17.186 ms - 0[0m
[0mPUT /api/seller/image/main-upload [31m500[0m 71.732 ms - 2591[0m
[0mOPTIONS /api/seller/image/main-upload [32m204[0m 23.501 ms - 0[0m
[0mPUT /api/seller/image/main-upload [31m500[0m 78.830 ms - 2591[0m
[0mOPTIONS /api/seller/image/main-upload [32m204[0m 19.687 ms - 0[0m
[0mPUT /api/seller/image/main-upload [31m500[0m 75.845 ms - 2591[0m
[0mOPTIONS /api/seller/image/main-upload [32m204[0m 18.854 ms - 0[0m
[0mPUT /api/seller/image/main-upload [31m500[0m 85.640 ms - 2591[0m
[0mOPTIONS /api/seller/image/main-upload [32m204[0m 19.488 ms - 0[0m
[0mPUT /api/seller/image/main-upload [31m500[0m 77.068 ms - 2591[0m
[0mOPTIONS /api/order/notifications [32m204[0m 3.068 ms - 0[0m
[0mOPTIONS /api/seller/history-product?limit=20&page=1 [32m204[0m 1.686 ms - 0[0m
[0mGET /api/seller/history-product?limit=20&page=1 [36m304[0m 1091.336 ms - -[0m
[0mGET /api/order/notifications [36m304[0m 1190.833 ms - -[0m
[0mOPTIONS /api/order/notifications [32m204[0m 8.923 ms - 0[0m
[0mOPTIONS /api/seller/history-product?limit=20&page=1 [32m204[0m 1.367 ms - 0[0m
[0mGET /api/seller/history-product?limit=20&page=1 [36m304[0m 728.249 ms - -[0m
[0mGET /api/order/notifications [36m304[0m 769.531 ms - -[0m
[0mOPTIONS /api/seller/history-product?limit=20&page=2 [32m204[0m 2.684 ms - 0[0m
[0mGET /api/seller/history-product?limit=20&page=2 [32m200[0m 643.114 ms - 408849[0m
[0mOPTIONS /api/order/notifications [32m204[0m 1.244 ms - 0[0m
[0mOPTIONS /api/seller/history-product?limit=20&page=2 [32m204[0m 0.721 ms - 0[0m
[0mGET /api/order/notifications [36m304[0m 144.077 ms - -[0m
[0mGET /api/seller/history-product?limit=20&page=2 [36m304[0m 442.889 ms - -[0m
[0mOPTIONS /api/order/notifications [32m204[0m 1.665 ms - 0[0m
[0mOPTIONS /api/seller/history-product?limit=20&page=1 [32m204[0m 1.531 ms - 0[0m
[0mGET /api/order/notifications [36m304[0m 282.882 ms - -[0m
[0mGET /api/seller/history-product?limit=20&page=1 [36m304[0m 540.222 ms - -[0m
[0mOPTIONS /api/seller/image/main-upload [32m204[0m 18.010 ms - 0[0m
[0mPUT /api/seller/image/main-upload [31m500[0m 91.012 ms - 2591[0m
[0mOPTIONS /api/seller/image/main-upload [32m204[0m 22.190 ms - 0[0m
[0mPUT /api/seller/image/main-upload [31m500[0m 89.917 ms - 2591[0m
[0mOPTIONS /api/seller/history-product?limit=20&page=2 [32m204[0m 8.979 ms - 0[0m
[0mGET /api/seller/history-product?limit=20&page=2 [36m304[0m 1177.632 ms - -[0m
[0mOPTIONS /api/seller/history-product?limit=20&page=1 [32m204[0m 1.826 ms - 0[0m
[0mGET /api/seller/history-product?limit=20&page=1 [36m304[0m 675.726 ms - -[0m
[0mOPTIONS /api/seller/image/main-upload [32m204[0m 3.314 ms - 0[0m
[0mPUT /api/seller/image/main-upload [31m500[0m 85.495 ms - 2591[0m
[0mOPTIONS /api/seller/image/main-upload [32m204[0m 23.813 ms - 0[0m
[0mPUT /api/seller/image/main-upload [31m500[0m 1001.239 ms - 2585[0m
[0mOPTIONS /api/seller/image/main-upload [32m204[0m 22.554 ms - 0[0m
[0mPUT /api/seller/image/main-upload [31m500[0m 789.293 ms - 2585[0m
[0mOPTIONS /api/seller/image/main-upload [32m204[0m 23.521 ms - 0[0m
[0mPUT /api/seller/image/main-upload [31m500[0m 709.625 ms - 2585[0m
[0mOPTIONS /api/seller/image/main-upload [32m204[0m 22.575 ms - 0[0m
[0mPUT /api/seller/image/main-upload [31m500[0m 11267.437 ms - 2457[0m
[0mOPTIONS /api/seller/image/main-upload [32m204[0m 20.029 ms - 0[0m
[0mPUT /api/seller/image/main-upload [31m500[0m 10821.112 ms - 2457[0m
[0mOPTIONS /api/seller/image/main-upload [32m204[0m 22.637 ms - 0[0m
[0mPUT /api/seller/image/main-upload [31m500[0m 1304.676 ms - 2457[0m
[0mOPTIONS /api/order/notifications [32m204[0m 1.290 ms - 0[0m
[0mOPTIONS /api/seller/history-product?limit=20&page=1 [32m204[0m 0.883 ms - 0[0m
[0mGET /api/order/notifications [32m200[0m 325.412 ms - 36[0m
[0mGET /api/seller/history-product?limit=20&page=1 [36m304[0m 644.967 ms - -[0m
[0mOPTIONS /api/order/list [32m204[0m 6.599 ms - 0[0m
[0mOPTIONS /api/order/count [32m204[0m 1.448 ms - 0[0m
[0mOPTIONS /api/order/totalDash-list [32m204[0m 1.055 ms - 0[0m
[0mGET /api/order/count [32m200[0m 226.502 ms - 121[0m
[0mPOST /api/order/list [32m200[0m 346.341 ms - 5692[0m
[0mGET /api/order/totalDash-list [32m200[0m 243.037 ms - 83[0m
[0mOPTIONS /api/seller/history-product?limit=20&page=1 [32m204[0m 0.938 ms - 0[0m
[0mGET /api/seller/history-product?limit=20&page=1 [32m200[0m 1406.454 ms - 447490[0m
[0mOPTIONS /api/seller/image/main-upload [32m204[0m 0.831 ms - 0[0m
[0mPUT /api/seller/image/main-upload [31m500[0m 18.983 ms - 2195[0m
[0mOPTIONS /api/seller/image/main-upload [32m204[0m 6.173 ms - 0[0m
[0mPUT /api/seller/image/main-upload [32m200[0m 741.995 ms - 69[0m
[0mOPTIONS /api/seller/history-product [32m204[0m 0.718 ms - 0[0m
[0mGET /api/seller/history-product [0m-[0m - ms - -[0m
[0mOPTIONS /api/seller/history-product?limit=20&page=1 [32m204[0m 0.669 ms - 0[0m
[0mGET /api/seller/history-product?limit=20&page=1 [32m200[0m 211.796 ms - 447546[0m
[0mOPTIONS /api/seller/image/main-delete [32m204[0m 0.982 ms - 0[0m
[0mPUT /api/seller/image/main-delete [31m500[0m 16.476 ms - 36[0m
[0mOPTIONS /api/seller/image/main-delete [32m204[0m 0.830 ms - 0[0m
[0mPUT /api/seller/image/main-delete [31m500[0m 3.255 ms - 36[0m
[0mOPTIONS /api/seller/history-product?limit=20&page=1 [32m204[0m 0.673 ms - 0[0m
[0mGET /api/seller/history-product?limit=20&page=1 [36m304[0m 426.742 ms - -[0m
[0mOPTIONS /api/seller/image/main-delete [32m204[0m 0.878 ms - 0[0m
[0mPUT /api/seller/image/main-delete [31m500[0m 3.782 ms - 36[0m
[0mOPTIONS /api/seller/image/main-delete [32m204[0m 5.985 ms - 0[0m
[0mPUT /api/seller/image/main-delete [32m200[0m 239.002 ms - 67[0m
[0mOPTIONS /api/seller/history-product [32m204[0m 1.041 ms - 0[0m
[0mGET /api/seller/history-product [0m-[0m - ms - -[0m
[0mOPTIONS /api/seller/history-product?limit=20&page=1 [32m204[0m 0.907 ms - 0[0m
[0mGET /api/seller/history-product?limit=20&page=1 [32m200[0m 252.856 ms - 447490[0m
[0mOPTIONS /api/seller/image/main-upload [32m204[0m 1.205 ms - 0[0m
[0mPUT /api/seller/image/main-upload [32m200[0m 431.204 ms - 69[0m
[0mOPTIONS /api/seller/history-product [32m204[0m 1.088 ms - 0[0m
[0mGET /api/seller/history-product [0m-[0m - ms - -[0m
[0mOPTIONS /api/seller/history-product?limit=20&page=1 [32m204[0m 0.782 ms - 0[0m
[0mGET /api/seller/history-product?limit=20&page=1 [32m200[0m 248.686 ms - 447546[0m
[0mOPTIONS /api/seller/image/main-delete [32m204[0m 0.872 ms - 0[0m
[0mPUT /api/seller/image/main-delete [32m200[0m 196.244 ms - 67[0m
[0mOPTIONS /api/seller/history-product [32m204[0m 0.834 ms - 0[0m
[0mGET /api/seller/history-product [0m-[0m - ms - -[0m
[0mOPTIONS /api/seller/history-product?limit=20&page=1 [32m204[0m 0.631 ms - 0[0m
[0mGET /api/seller/history-product?limit=20&page=1 [32m200[0m 204.551 ms - 447490[0m
[0mOPTIONS /api/order/list [32m204[0m 5.597 ms - 0[0m
[0mOPTIONS /api/order/count [32m204[0m 1.212 ms - 0[0m
[0mOPTIONS /api/order/totalDash-list [32m204[0m 0.862 ms - 0[0m
[0mGET /api/order/count [36m304[0m 180.098 ms - -[0m
[0mPOST /api/order/list [32m200[0m 266.673 ms - 5692[0m
[0mGET /api/order/totalDash-list [36m304[0m 190.565 ms - -[0m
[0mOPTIONS /api/category/admin/main-list [32m204[0m 0.913 ms - 0[0m
[0mGET /api/category/admin/main-list [36m302[0m 7.784 ms - 28[0m
[0mOPTIONS /login [32m204[0m 1.353 ms - 0[0m
[0mGET /login [33m404[0m 9.012 ms - 2152[0m
[0mOPTIONS /api/category/admin/main-list [32m204[0m 1.883 ms - 0[0m
[0mGET /api/category/admin/main-list [36m302[0m 3.987 ms - 28[0m
[0mOPTIONS /login [32m204[0m 0.832 ms - 0[0m
[0mGET /login [33m404[0m 7.449 ms - 2152[0m
[0mOPTIONS /api/category/admin/main-list [32m204[0m 0.664 ms - 0[0m
[0mGET /api/category/admin/main-list [36m302[0m 2.692 ms - 28[0m
[0mOPTIONS /login [32m204[0m 0.790 ms - 0[0m
[0mGET /login [33m404[0m 5.599 ms - 2152[0m
[0mOPTIONS /api/order/list [32m204[0m 0.786 ms - 0[0m
[0mOPTIONS /api/order/count [32m204[0m 0.563 ms - 0[0m
[0mOPTIONS /api/order/totalDash-list [32m204[0m 0.468 ms - 0[0m
[0mPOST /api/order/list [32m200[0m 1889.792 ms - 5692[0m
[0mOPTIONS /api/category/child-list?page=1 [32m204[0m 0.622 ms - 0[0m
[0mGET /api/category/child-list?page=1 [32m200[0m 47.197 ms - 1067[0m
[0mOPTIONS /api/order/list [32m204[0m 0.610 ms - 0[0m
[0mOPTIONS /api/order/count [32m204[0m 0.526 ms - 0[0m
[0mOPTIONS /api/order/totalDash-list [32m204[0m 0.504 ms - 0[0m
[0mPOST /api/order/list [32m200[0m 83.160 ms - 5692[0m
[0mOPTIONS /api/category/admin/main-list [32m204[0m 0.568 ms - 0[0m
[0mGET /api/category/admin/main-list [36m302[0m 2.774 ms - 28[0m
[0mOPTIONS /api/category/sub-list [32m204[0m 1.321 ms - 0[0m
[0mOPTIONS /login [32m204[0m 0.615 ms - 0[0m
[0mGET /login [33m404[0m 4.582 ms - 2152[0m
[0mGET /api/category/sub-list [32m200[0m 35.898 ms - 2455[0m
[0mOPTIONS /api/order/list [32m204[0m 7.076 ms - 0[0m
[0mOPTIONS /api/order/count [32m204[0m 1.304 ms - 0[0m
[0mOPTIONS /api/order/totalDash-list [32m204[0m 0.627 ms - 0[0m
[0mPOST /api/order/list [32m200[0m 163.742 ms - 5692[0m
[0mOPTIONS /api/category/admin/main-list [32m204[0m 0.823 ms - 0[0m
[0mGET /api/category/admin/main-list [36m302[0m 13.875 ms - 28[0m
[0mOPTIONS /login [32m204[0m 0.880 ms - 0[0m
[0mGET /login [33m404[0m 8.693 ms - 2152[0m
[0mOPTIONS /api/category/admin/main-list [32m204[0m 5.320 ms - 0[0m
[0mGET /api/category/admin/main-list [31m500[0m 862.550 ms - 2101[0m
[0mOPTIONS /api/order/list [32m204[0m 6.068 ms - 0[0m
[0mOPTIONS /api/order/count [32m204[0m 1.154 ms - 0[0m
[0mOPTIONS /api/order/totalDash-list [32m204[0m 0.810 ms - 0[0m
[0mPOST /api/order/list [32m200[0m 129.378 ms - 5692[0m
[0mOPTIONS /api/category/admin/main-list [32m204[0m 0.987 ms - 0[0m
[0mGET /api/category/admin/main-list [32m200[0m 32.238 ms - 543[0m
[0mOPTIONS /api/order/list [32m204[0m 0.874 ms - 0[0m
[0mOPTIONS /api/order/count [32m204[0m 1.016 ms - 0[0m
[0mOPTIONS /api/order/totalDash-list [32m204[0m 0.850 ms - 0[0m
[0mPOST /api/order/list [32m200[0m 46.159 ms - 5692[0m
[0mOPTIONS /api/category/admin/main-list [32m204[0m 1.229 ms - 0[0m
[0mOPTIONS /api/category/sub-list [32m204[0m 0.748 ms - 0[0m
[0mGET /api/category/admin/main-list [36m304[0m 32.583 ms - -[0m
[0mGET /api/category/sub-list [36m304[0m 33.554 ms - -[0m
[0mOPTIONS /api/category/sub-list/update [32m204[0m 1.012 ms - 0[0m
[0mPOST /api/category/sub-list/update [32m200[0m 706.195 ms - 78[0m
[0mOPTIONS /api/category/admin/main-list [32m204[0m 0.756 ms - 0[0m
[0mOPTIONS /api/category/sub-list [32m204[0m 0.753 ms - 0[0m
[0mGET /api/category/admin/main-list [36m304[0m 30.723 ms - -[0m
[0mGET /api/category/sub-list [32m200[0m 38.692 ms - 2461[0m
[0mOPTIONS /api/category/sub-list/update [32m204[0m 1.150 ms - 0[0m
[0mPOST /api/category/sub-list/update [32m200[0m 431.174 ms - 78[0m
[0mOPTIONS /api/category/admin/main-list [32m204[0m 0.872 ms - 0[0m
[0mOPTIONS /api/category/sub-list [32m204[0m 0.717 ms - 0[0m
[0mGET /api/category/admin/main-list [36m304[0m 29.374 ms - -[0m
[0mGET /api/category/sub-list [32m200[0m 39.002 ms - 2466[0m
[0mOPTIONS /api/category/sub-list/update [32m204[0m 1.364 ms - 0[0m
[0mPOST /api/category/sub-list/update [32m200[0m 305.933 ms - 78[0m
[0mOPTIONS /api/category/admin/main-list [32m204[0m 0.583 ms - 0[0m
[0mOPTIONS /api/category/sub-list [32m204[0m 1.234 ms - 0[0m
[0mGET /api/category/sub-list [32m200[0m 101.230 ms - 2471[0m
[0mGET /api/category/admin/main-list [36m304[0m 115.764 ms - -[0m
[0mOPTIONS /api/category/sub-list/update [32m204[0m 0.574 ms - 0[0m
[0mPOST /api/category/sub-list/update [32m200[0m 331.401 ms - 78[0m
[0mOPTIONS /api/category/admin/main-list [32m204[0m 0.688 ms - 0[0m
[0mOPTIONS /api/category/sub-list [32m204[0m 0.597 ms - 0[0m
[0mGET /api/category/admin/main-list [36m304[0m 43.037 ms - -[0m
[0mGET /api/category/sub-list [32m200[0m 72.566 ms - 2477[0m
[0mOPTIONS /api/category/sub-list/update [32m204[0m 0.632 ms - 0[0m
[0mPOST /api/category/sub-list/update [32m200[0m 287.618 ms - 78[0m
[0mOPTIONS /api/category/admin/main-list [32m204[0m 0.603 ms - 0[0m
[0mOPTIONS /api/category/sub-list [32m204[0m 0.650 ms - 0[0m
[0mGET /api/category/admin/main-list [36m304[0m 31.897 ms - -[0m
[0mGET /api/category/sub-list [32m200[0m 58.527 ms - 2477[0m
[0mOPTIONS /api/category/sub-list/update [32m204[0m 0.586 ms - 0[0m
[0mPOST /api/category/sub-list/update [32m200[0m 260.097 ms - 78[0m
[0mOPTIONS /api/category/admin/main-list [32m204[0m 0.586 ms - 0[0m
[0mOPTIONS /api/category/sub-list [32m204[0m 0.508 ms - 0[0m
[0mGET /api/category/sub-list [32m200[0m 31.115 ms - 2484[0m
[0mGET /api/category/admin/main-list [36m304[0m 38.096 ms - -[0m
[0mOPTIONS /api/category/sub-list/update [32m204[0m 0.737 ms - 0[0m
[0mPOST /api/category/sub-list/update [32m200[0m 277.456 ms - 78[0m
[0mOPTIONS /api/category/admin/main-list [32m204[0m 0.579 ms - 0[0m
[0mOPTIONS /api/category/sub-list [32m204[0m 0.652 ms - 0[0m
[0mGET /api/category/admin/main-list [36m304[0m 35.153 ms - -[0m
[0mGET /api/category/sub-list [32m200[0m 66.517 ms - 2484[0m
[0mGET /api/category/admin/main-list [36m304[0m 29.555 ms - -[0m
[0mGET /api/category/sub-list [36m304[0m 36.656 ms - -[0m
[0mOPTIONS /api/category/child-list?page=1 [32m204[0m 0.558 ms - 0[0m
[0mGET /api/category/child-list?page=1 [32m200[0m 47.068 ms - 1067[0m
[0mOPTIONS /api/category/admin/main-list [32m204[0m 0.596 ms - 0[0m
[0mGET /api/category/admin/main-list [36m304[0m 35.537 ms - -[0m
[0mOPTIONS /api/category/main-list/update [32m204[0m 0.599 ms - 0[0m
[0mPOST /api/category/main-list/update [32m200[0m 338.465 ms - 78[0m
[0mOPTIONS /api/category/admin/main-list [32m204[0m 0.568 ms - 0[0m
[0mGET /api/category/admin/main-list [32m200[0m 36.532 ms - 543[0m
[0mOPTIONS /api/category/main-list/update [32m204[0m 0.591 ms - 0[0m
[0mPOST /api/category/main-list/update [32m200[0m 330.693 ms - 78[0m
[0mOPTIONS /api/category/admin/main-list [32m204[0m 0.645 ms - 0[0m
[0mGET /api/category/admin/main-list [32m200[0m 34.127 ms - 543[0m
[0mOPTIONS /api/category/main-list/update [32m204[0m 0.792 ms - 0[0m
[0mPOST /api/category/main-list/update [32m200[0m 357.103 ms - 78[0m
[0mOPTIONS /api/category/admin/main-list [32m204[0m 0.623 ms - 0[0m
[0mGET /api/category/admin/main-list [32m200[0m 36.802 ms - 543[0m
[0mOPTIONS /api/category/main-list/update [32m204[0m 0.610 ms - 0[0m
[0mPOST /api/category/main-list/update [32m200[0m 584.601 ms - 78[0m
[0mOPTIONS /api/category/admin/main-list [32m204[0m 0.582 ms - 0[0m
[0mGET /api/category/admin/main-list [32m200[0m 40.328 ms - 543[0m
[0mOPTIONS /api/category/main-list/update [32m204[0m 0.566 ms - 0[0m
[0mPOST /api/category/main-list/update [32m200[0m 386.986 ms - 78[0m
[0mOPTIONS /api/category/admin/main-list [32m204[0m 0.567 ms - 0[0m
[0mGET /api/category/admin/main-list [32m200[0m 35.552 ms - 543[0m
[0mGET /api/category/admin/main-list [36m304[0m 35.766 ms - -[0m
[0mOPTIONS /api/category/admin/main-list [32m204[0m 1.500 ms - 0[0m
[0mOPTIONS /api/category/sub-list [32m204[0m 1.161 ms - 0[0m
[0mGET /api/category/admin/main-list [36m304[0m 35.639 ms - -[0m
[0mGET /api/category/sub-list [36m304[0m 39.789 ms - -[0m
[0mOPTIONS /api/category/sub-list/update [32m204[0m 0.586 ms - 0[0m
[0mPOST /api/category/sub-list/update [32m200[0m 531.714 ms - 78[0m
[0mOPTIONS /api/category/admin/main-list [32m204[0m 0.604 ms - 0[0m
[0mOPTIONS /api/category/sub-list [32m204[0m 0.665 ms - 0[0m
[0mGET /api/category/admin/main-list [36m304[0m 32.649 ms - -[0m
[0mGET /api/category/sub-list [32m200[0m 41.716 ms - 2486[0m
[0mOPTIONS /api/category/sub-list/update [32m204[0m 0.580 ms - 0[0m
[0mPOST /api/category/sub-list/update [32m200[0m 403.088 ms - 78[0m
[0mOPTIONS /api/category/admin/main-list [32m204[0m 0.609 ms - 0[0m
[0mOPTIONS /api/category/sub-list [32m204[0m 0.948 ms - 0[0m
[0mGET /api/category/admin/main-list [36m304[0m 39.059 ms - -[0m
[0mGET /api/category/sub-list [32m200[0m 64.031 ms - 2488[0m
[0mOPTIONS /api/category/sub-list/update [32m204[0m 0.556 ms - 0[0m
[0mPOST /api/category/sub-list/update [32m200[0m 471.309 ms - 78[0m
[0mOPTIONS /api/category/admin/main-list [32m204[0m 0.574 ms - 0[0m
[0mOPTIONS /api/category/sub-list [32m204[0m 0.574 ms - 0[0m
[0mGET /api/category/admin/main-list [36m304[0m 38.225 ms - -[0m
[0mGET /api/category/sub-list [32m200[0m 68.982 ms - 2490[0m
[0mOPTIONS /api/category/sub-list/update [32m204[0m 0.562 ms - 0[0m
[0mPOST /api/category/sub-list/update [32m200[0m 436.685 ms - 78[0m
[0mOPTIONS /api/category/admin/main-list [32m204[0m 0.682 ms - 0[0m
[0mOPTIONS /api/category/sub-list [32m204[0m 0.570 ms - 0[0m
[0mGET /api/category/admin/main-list [36m304[0m 41.118 ms - -[0m
[0mGET /api/category/sub-list [32m200[0m 79.822 ms - 2492[0m
[0mOPTIONS /api/category/sub-list/update [32m204[0m 0.565 ms - 0[0m
[0mPOST /api/category/sub-list/update [32m200[0m 475.517 ms - 78[0m
[0mOPTIONS /api/category/admin/main-list [32m204[0m 0.620 ms - 0[0m
[0mOPTIONS /api/category/sub-list [32m204[0m 1.330 ms - 0[0m
[0mGET /api/category/admin/main-list [36m304[0m 36.868 ms - -[0m
[0mGET /api/category/sub-list [32m200[0m 42.836 ms - 2494[0m
[0mOPTIONS /api/category/sub-list/update [32m204[0m 0.564 ms - 0[0m
[0mPOST /api/category/sub-list/update [32m200[0m 375.342 ms - 78[0m
[0mOPTIONS /api/category/admin/main-list [32m204[0m 0.674 ms - 0[0m
[0mOPTIONS /api/category/sub-list [32m204[0m 0.575 ms - 0[0m
[0mGET /api/category/sub-list [32m200[0m 39.281 ms - 2497[0m
[0mGET /api/category/admin/main-list [36m304[0m 41.899 ms - -[0m
[0mGET /api/category/sub-list [36m304[0m 43.412 ms - -[0m
[0mGET /api/category/admin/main-list [36m304[0m 47.608 ms - -[0m
[0mGET /api/category/getAllSubCategory?categoryId=14 [32m200[0m 58.696 ms - 746[0m
[0mGET /api/website/catalog/product/search?filter_category=boy [32m200[0m 284.910 ms - 4075[0m
[0mGET /api/website/catalog/product/search?filter_category=boy [32m200[0m 478.408 ms - 4075[0m
[0mGET /api/website/catalog/product/search?filter_category=girl [32m200[0m 375.916 ms - 5214[0m
[0mGET /api/website/catalog/product/search?filter_category=girl&filter_sub_category=indo%20western%20set [32m200[0m 430.638 ms - 5214[0m
[0mGET /api/website/catalog/product/search?filter_category=girl&filter_SubCategory=indo%20western%20set [32m200[0m 871.628 ms - 5214[0m
[0mGET /api/website/catalog/product/search?filter_category=girl&filter_SubCategory=indo%20western%20set [32m200[0m 417.872 ms - 5214[0m
[0mGET /api/website/catalog/product/search?filter_category=girl&filter_SubCategory=party%20wear [32m200[0m 768.245 ms - 5214[0m
[0mGET /api/website/catalog/product/search?filter_category=girl&filter_SubCategory=party%20wear [32m200[0m 871.509 ms - 5214[0m
[0mGET /api/website/catalog/product/search?filter_category=girl&filter_SubCategory=party%20wear [32m200[0m 356.677 ms - 5214[0m
[0mGET /api/website/catalog/product/search?filter_category=girl&filter_SubCategory=party%20wear [32m200[0m 374.745 ms - 5214[0m
[0mGET /api/website/catalog/product/search?filter_category=girl&filter_SubCategory=indo%20western%20set [32m200[0m 584.300 ms - 5214[0m
[0mGET /api/website/catalog/product/search?filter_category=girl&filter_SubCategory=indo%20western%20set [32m200[0m 580.587 ms - 5214[0m
[0mGET /api/website/catalog/product/search?filter_category=girl&filter_SubCategory=indo%20western%20set [32m200[0m 590.044 ms - 5214[0m
[0mGET /api/website/catalog/product/search?filter_category=girl&filter_SubCategory=indo%20western%20set [32m200[0m 228.158 ms - 47[0m
[0mGET /api/website/catalog/product/search?filter_category=girl&filter_SubCategory=indo%20western%20set [32m200[0m 399.685 ms - 47[0m
[0mGET /api/website/catalog/product/search?filter_category=girl&filter_SubCategory=indo%20western%20set [32m200[0m 399.693 ms - 47[0m
[0mGET /api/website/catalog/product/search?filter_category=girl&filter_SubCategory=indo%20western%20set [32m200[0m 211.195 ms - 47[0m
[0mGET /api/website/catalog/product/search?filter_category=girl&filter_SubCategory=indo%20western%20set [32m200[0m 273.637 ms - 5014[0m
[0mGET /api/website/catalog/product/search?filter_category=girl&filter_SubCategory=indo%20western%20set [32m200[0m 653.025 ms - 5014[0m
[0mGET /api/website/catalog/product/search?filter_category=girl&filter_SubCategory=indo%20western%20set [32m200[0m 453.743 ms - 5014[0m
[0mGET /api/website/catalog/product/search?filter_category=girl&filter_SubCategory= [32m200[0m 603.882 ms - 5214[0m
[0mGET /api/website/catalog/product/search?filter_category=girl&filter_SubCategory=pallazzo%20set [32m200[0m 241.878 ms - 4824[0m
[0mGET /api/website/catalog/product/search?filter_category=girl&filter_SubCategory=pallazzo%20set&filter_color=red [32m200[0m 788.678 ms - 558[0m
[0mGET /api/website/catalog/product/search?filter_category=girl&filter_SubCategory=pallazzo%20set&filter_color=yellow [32m200[0m 392.615 ms - 1045[0m
[0mGET /api/website/catalog/product/search?filter_category=girl&filter_SubCategory=pallazzo%20set&filter_color=red [32m200[0m 339.413 ms - 558[0m
[0mGET /api/website/catalog/product/search?filter_category=girl&filter_SubCategory=pallazzo%20set&filter_color=red&filter_price=100 [32m200[0m 133.480 ms - 558[0m
[0mGET /api/website/catalog/product/search?filter_category=girl&filter_SubCategory=pallazzo%20set&filter_color=red&filter_price=100-200 [32m200[0m 142.250 ms - 79[0m
[0mGET /api/website/catalog/product/search?filter_category=girl&filter_SubCategory=pallazzo%20set&filter_color=red&filter_price=100-200 [32m200[0m 206.574 ms - 47[0m
[0mGET /api/website/catalog/product/search?filter_category=girl&filter_SubCategory=pallazzo%20set&filter_color=red&filter_price=100-200 [32m200[0m 264.403 ms - 79[0m
[0mGET /api/website/catalog/product/search?filter_category=girl&filter_SubCategory=pallazzo%20set&filter_color=red&filter_price=2000-3000 [32m200[0m 177.325 ms - 79[0m
[0mGET /api/website/catalog/product/search?filter_category=girl&filter_SubCategory=pallazzo%20set&filter_color=red&filter_price=0-3000 [32m200[0m 140.914 ms - 558[0m
[0mOPTIONS /api/auth/rootLogin [32m204[0m 7.594 ms - 0[0m
[0mPOST /api/auth/rootLogin [32m200[0m 498.301 ms - 189[0m
[0mOPTIONS /api/order/count [32m204[0m 0.704 ms - 0[0m
[0mOPTIONS /api/order/list [32m204[0m 0.591 ms - 0[0m
[0mOPTIONS /api/order/totalDash-list [32m204[0m 0.638 ms - 0[0m
[0mPOST /api/order/list [32m200[0m 68.991 ms - 4313[0m
[0mGET /api/order/count [32m200[0m 64.070 ms - 121[0m
[0mGET /api/order/totalDash-list [32m200[0m 72.101 ms - 83[0m
[0mOPTIONS /api/order/delete-list [32m204[0m 1.090 ms - 0[0m
[0mPOST /api/order/delete-list [31m500[0m 224.965 ms - 75[0m
[0mOPTIONS /api/order/list [32m204[0m 0.855 ms - 0[0m
[0mOPTIONS /api/order/count [32m204[0m 0.663 ms - 0[0m
[0mOPTIONS /api/order/totalDash-list [32m204[0m 0.566 ms - 0[0m
[0mGET /api/order/count [36m304[0m 149.966 ms - -[0m
[0mPOST /api/order/list [32m200[0m 172.573 ms - 4313[0m
[0mGET /api/order/totalDash-list [36m304[0m 174.559 ms - -[0m
[0mOPTIONS /api/order/list [32m204[0m 1.361 ms - 0[0m
[0mOPTIONS /api/order/count [32m204[0m 0.571 ms - 0[0m
[0mOPTIONS /api/order/totalDash-list [32m204[0m 0.596 ms - 0[0m
[0mGET /api/order/count [36m304[0m 147.991 ms - -[0m
[0mGET /api/order/totalDash-list [36m304[0m 146.296 ms - -[0m
[0mPOST /api/order/list [32m200[0m 175.003 ms - 4313[0m
[0mOPTIONS /api/order/delete-list [32m204[0m 2.096 ms - 0[0m
[0mPOST /api/order/delete-list [31m500[0m 37.567 ms - 75[0m
[0mPOST /api/order/create [31m500[0m 10022.006 ms - 34[0m
[0mPOST /api/order/create [32m200[0m 1621.893 ms - 200[0m
[0mOPTIONS /api/order/list [32m204[0m 2.096 ms - 0[0m
[0mOPTIONS /api/order/count [32m204[0m 1.486 ms - 0[0m
[0mOPTIONS /api/order/totalDash-list [32m204[0m 0.821 ms - 0[0m
[0mGET /api/order/totalDash-list [32m200[0m 164.988 ms - 83[0m
[0mGET /api/order/count [32m200[0m 175.692 ms - 122[0m
[0mPOST /api/order/list [32m200[0m 219.402 ms - 6917[0m
[0mOPTIONS /api/order/delete-list [32m204[0m 0.724 ms - 0[0m
[0mPOST /api/order/delete-list [31m500[0m 141.887 ms - 75[0m
[0mOPTIONS /api/order/list [32m204[0m 0.880 ms - 0[0m
[0mOPTIONS /api/order/count [32m204[0m 0.678 ms - 0[0m
[0mOPTIONS /api/order/totalDash-list [32m204[0m 0.601 ms - 0[0m
[0mGET /api/order/count [36m304[0m 185.356 ms - -[0m
[0mPOST /api/order/list [32m200[0m 219.141 ms - 6917[0m
[0mGET /api/order/totalDash-list [36m304[0m 204.039 ms - -[0m
[0mOPTIONS /api/order/delete-list [32m204[0m 6.712 ms - 0[0m
[0mPOST /api/order/delete-list [31m500[0m 65.938 ms - 75[0m
[0mOPTIONS /api/order/list [32m204[0m 5.796 ms - 0[0m
[0mOPTIONS /api/order/count [32m204[0m 1.389 ms - 0[0m
[0mOPTIONS /api/order/totalDash-list [32m204[0m 0.683 ms - 0[0m
[0mGET /api/order/count [36m304[0m 151.459 ms - -[0m
[0mPOST /api/order/list [32m200[0m 239.587 ms - 6917[0m
[0mGET /api/order/totalDash-list [36m304[0m 167.078 ms - -[0m
[0mOPTIONS /api/order/delete-list [32m204[0m 1.163 ms - 0[0m
[0mPOST /api/order/delete-list [31m500[0m 36.788 ms - 69[0m
[0mOPTIONS /api/order/list [32m204[0m 7.278 ms - 0[0m
[0mOPTIONS /api/order/count [32m204[0m 1.141 ms - 0[0m
[0mOPTIONS /api/order/totalDash-list [32m204[0m 0.652 ms - 0[0m
[0mPOST /api/order/list [32m200[0m 128.409 ms - 6917[0m
[0mGET /api/order/count [36m304[0m 109.524 ms - -[0m
[0mGET /api/order/totalDash-list [36m304[0m 131.698 ms - -[0m
[0mOPTIONS /api/order/delete-list [32m204[0m 0.955 ms - 0[0m
[0mPOST /api/order/delete-list [31m500[0m 54.449 ms - 62[0m
[0mOPTIONS /api/order/delete-list [32m204[0m 6.446 ms - 0[0m
[0mPOST /api/order/delete-list [31m500[0m 55.469 ms - 69[0m
[0mOPTIONS /api/order/list [32m204[0m 7.815 ms - 0[0m
[0mOPTIONS /api/order/count [32m204[0m 1.436 ms - 0[0m
[0mOPTIONS /api/order/totalDash-list [32m204[0m 0.752 ms - 0[0m
[0mPOST /api/order/list [32m200[0m 210.839 ms - 8114[0m
[0mGET /api/order/count [32m200[0m 138.199 ms - 122[0m
[0mGET /api/order/totalDash-list [32m200[0m 181.305 ms - 83[0m
[0mOPTIONS /api/order/delete-list [32m204[0m 1.110 ms - 0[0m
[0mPOST /api/order/delete-list [31m500[0m 76.460 ms - 62[0m
[0mOPTIONS /api/order/delete-list [32m204[0m 0.948 ms - 0[0m
[0mPOST /api/order/delete-list [31m500[0m 146.540 ms - 62[0m
[0mOPTIONS /api/order/list [32m204[0m 6.430 ms - 0[0m
[0mOPTIONS /api/order/count [32m204[0m 1.240 ms - 0[0m
[0mOPTIONS /api/order/totalDash-list [32m204[0m 0.792 ms - 0[0m
[0mPOST /api/order/list [32m200[0m 205.700 ms - 6237[0m
[0mGET /api/order/count [32m200[0m 165.703 ms - 92[0m
[0mGET /api/order/totalDash-list [32m200[0m 188.693 ms - 83[0m
[0mOPTIONS /api/order/delete-list [32m204[0m 0.900 ms - 0[0m
[0mPOST /api/order/delete-list [32m200[0m 67.285 ms - 61[0m
[0mOPTIONS /api/order/list [32m204[0m 0.771 ms - 0[0m
[0mOPTIONS /api/order/count [32m204[0m 0.748 ms - 0[0m
[0mOPTIONS /api/order/totalDash-list [32m204[0m 0.626 ms - 0[0m
[0mGET /api/order/count [32m200[0m 27.510 ms - 60[0m
[0mGET /api/order/totalDash-list [32m200[0m 29.937 ms - 83[0m
[0mPOST /api/order/list [32m200[0m 46.823 ms - 5508[0m
[0mPOST /api/order/delete-list [32m200[0m 65.976 ms - 61[0m
[0mPOST /api/order/list [32m200[0m 44.673 ms - 4412[0m
[0mGET /api/order/count [32m200[0m 42.889 ms - 60[0m
[0mGET /api/order/totalDash-list [32m200[0m 42.564 ms - 83[0m
[0mOPTIONS /api/order/delete-list [32m204[0m 1.032 ms - 0[0m
[0mPOST /api/order/delete-list [32m200[0m 66.709 ms - 61[0m
[0mOPTIONS /api/order/list [32m204[0m 0.641 ms - 0[0m
[0mOPTIONS /api/order/count [32m204[0m 0.695 ms - 0[0m
[0mOPTIONS /api/order/totalDash-list [32m204[0m 0.504 ms - 0[0m
[0mGET /api/order/count [32m200[0m 30.211 ms - 60[0m
[0mPOST /api/order/list [32m200[0m 45.108 ms - 3891[0m
[0mGET /api/order/totalDash-list [32m200[0m 37.420 ms - 83[0m
[0mOPTIONS /api/order/list [32m204[0m 7.309 ms - 0[0m
[0mOPTIONS /api/order/count [32m204[0m 1.148 ms - 0[0m
[0mOPTIONS /api/order/totalDash-list [32m204[0m 0.551 ms - 0[0m
[0mPOST /api/order/list [32m200[0m 119.913 ms - 3891[0m
[0mGET /api/order/count [36m304[0m 99.337 ms - -[0m
[0mGET /api/order/totalDash-list [36m304[0m 126.934 ms - -[0m
[0mOPTIONS /api/order/delete-list [32m204[0m 1.131 ms - 0[0m
[0mPOST /api/order/delete-list [32m200[0m 63.098 ms - 61[0m
[0mGET /api/order/totalDash-list [32m200[0m 26.143 ms - 83[0m
[0mGET /api/order/count [32m200[0m 39.927 ms - 59[0m
[0mPOST /api/order/list [32m200[0m 52.657 ms - 3370[0m
[0mPOST /api/order/delete-list [32m200[0m 59.429 ms - 61[0m
[0mOPTIONS /api/order/list [32m204[0m 0.546 ms - 0[0m
[0mOPTIONS /api/order/count [32m204[0m 0.500 ms - 0[0m
[0mOPTIONS /api/order/totalDash-list [32m204[0m 0.970 ms - 0[0m
[0mGET /api/order/totalDash-list [32m200[0m 39.666 ms - 83[0m
[0mGET /api/order/count [32m200[0m 43.685 ms - 59[0m
[0mPOST /api/order/list [32m200[0m 53.045 ms - 2849[0m
[0mOPTIONS /api/order/list [32m204[0m 0.772 ms - 0[0m
[0mOPTIONS /api/order/count [32m204[0m 0.511 ms - 0[0m
[0mOPTIONS /api/order/totalDash-list [32m204[0m 0.442 ms - 0[0m
[0mPOST /api/order/list [32m200[0m 168.772 ms - 2849[0m
[0mGET /api/order/count [36m304[0m 153.151 ms - -[0m
[0mGET /api/order/totalDash-list [36m304[0m 150.175 ms - -[0m
[0mGET /api/order/totalDash-list [36m304[0m 25.660 ms - -[0m
[0mGET /api/order/count [36m304[0m 29.838 ms - -[0m
[0mPOST /api/order/list [32m200[0m 45.313 ms - 2849[0m
[0mOPTIONS /api/order/list [32m204[0m 0.944 ms - 0[0m
[0mOPTIONS /api/order/count [32m204[0m 1.110 ms - 0[0m
[0mOPTIONS /api/order/totalDash-list [32m204[0m 0.742 ms - 0[0m
[0mGET /api/order/count [36m304[0m 28.947 ms - -[0m
[0mPOST /api/order/list [32m200[0m 39.835 ms - 2849[0m
[0mGET /api/order/totalDash-list [36m304[0m 32.623 ms - -[0m
[0mGET /api/order/count [36m304[0m 28.705 ms - -[0m
[0mPOST /api/order/list [32m200[0m 49.531 ms - 2849[0m
[0mGET /api/order/totalDash-list [36m304[0m 41.889 ms - -[0m
[0mOPTIONS /api/order/list [32m204[0m 0.545 ms - 0[0m
[0mOPTIONS /api/order/count [32m204[0m 1.192 ms - 0[0m
[0mOPTIONS /api/order/totalDash-list [32m204[0m 0.444 ms - 0[0m
[0mGET /api/order/totalDash-list [36m304[0m 24.334 ms - -[0m
[0mGET /api/order/count [36m304[0m 27.609 ms - -[0m
[0mPOST /api/order/list [32m200[0m 39.084 ms - 2849[0m
[0mOPTIONS /api/order/list [32m204[0m 6.560 ms - 0[0m
[0mOPTIONS /api/order/count [32m204[0m 2.572 ms - 0[0m
[0mOPTIONS /api/order/totalDash-list [32m204[0m 0.690 ms - 0[0m
[0mPOST /api/order/list [32m200[0m 214.931 ms - 3552[0m
[0mGET /api/order/count [32m200[0m 168.106 ms - 59[0m
[0mGET /api/order/totalDash-list [32m200[0m 166.110 ms - 83[0m
[0mOPTIONS /api/auth/user/getAllUserList?limit=20&page=1 [32m204[0m 0.908 ms - 0[0m
[0mGET /api/auth/user/getAllUserList?limit=20&page=1 [32m200[0m 44.346 ms - 770[0m
[0mOPTIONS /api/auth/user/getAllUserList?limit=20&page=1 [32m204[0m 1.341 ms - 0[0m
[0mGET /api/auth/user/getAllUserList?limit=20&page=1 [36m304[0m 144.891 ms - -[0m
[0mOPTIONS /api/order/list [32m204[0m 0.826 ms - 0[0m
[0mOPTIONS /api/order/count [32m204[0m 0.770 ms - 0[0m
[0mOPTIONS /api/order/totalDash-list [32m204[0m 0.628 ms - 0[0m
[0mGET /api/order/count [36m304[0m 30.668 ms - -[0m
[0mPOST /api/order/list [32m200[0m 45.847 ms - 3552[0m
[0mGET /api/order/totalDash-list [36m304[0m 58.339 ms - -[0m
[0mOPTIONS /api/order/list [32m204[0m 0.884 ms - 0[0m
[0mOPTIONS /api/order/count [32m204[0m 0.637 ms - 0[0m
[0mOPTIONS /api/order/totalDash-list [32m204[0m 0.742 ms - 0[0m
[0mPOST /api/order/list [32m200[0m 49.576 ms - 3552[0m
[0mOPTIONS /api/order/list [32m204[0m 0.921 ms - 0[0m
[0mOPTIONS /api/order/count [32m204[0m 0.775 ms - 0[0m
[0mOPTIONS /api/order/totalDash-list [32m204[0m 0.485 ms - 0[0m
[0mPOST /api/order/list [32m200[0m 79.784 ms - 3552[0m
[0mGET /api/order/count [36m304[0m 102.954 ms - -[0m
[0mGET /api/order/totalDash-list [36m304[0m 127.266 ms - -[0m
[0mOPTIONS /api/order/list [32m204[0m 0.881 ms - 0[0m
[0mPOST /api/order/list [32m200[0m 158.504 ms - 79[0m
[0mPOST /api/order/list [32m200[0m 37.841 ms - 79[0m
[0mOPTIONS /api/order/list [32m204[0m 0.690 ms - 0[0m
[0mPOST /api/order/list [32m200[0m 41.212 ms - 3552[0m
[0mOPTIONS /api/order/list [32m204[0m 1.012 ms - 0[0m
[0mOPTIONS /api/order/count [32m204[0m 0.684 ms - 0[0m
[0mOPTIONS /api/order/totalDash-list [32m204[0m 0.596 ms - 0[0m
[0mGET /api/order/count [36m304[0m 146.904 ms - -[0m
[0mPOST /api/order/list [32m200[0m 162.150 ms - 3552[0m
[0mGET /api/order/totalDash-list [36m304[0m 156.933 ms - -[0m
[0mOPTIONS /api/auth/rootLogin [32m204[0m 7.355 ms - 0[0m
[0mPOST /api/auth/rootLogin [32m200[0m 435.138 ms - 189[0m
[0mOPTIONS /api/order/list [32m204[0m 0.951 ms - 0[0m
[0mOPTIONS /api/order/count [32m204[0m 0.677 ms - 0[0m
[0mOPTIONS /api/order/totalDash-list [32m204[0m 0.762 ms - 0[0m
[0mPOST /api/order/list [32m200[0m 74.381 ms - 4275[0m
[0mGET /api/order/count [32m200[0m 79.654 ms - 60[0m
[0mGET /api/order/totalDash-list [32m200[0m 84.102 ms - 83[0m
[0mOPTIONS /api/auth/rootLogin [32m204[0m 5.780 ms - 0[0m
[0mPOST /api/auth/rootLogin [32m200[0m 308.197 ms - 189[0m
[0mOPTIONS /api/order/list [32m204[0m 1.335 ms - 0[0m
[0mOPTIONS /api/order/count [32m204[0m 0.692 ms - 0[0m
[0mOPTIONS /api/order/totalDash-list [32m204[0m 0.581 ms - 0[0m
[0mPOST /api/order/list [32m200[0m 210.372 ms - 4275[0m
[0mGET /api/order/totalDash-list [36m304[0m 217.451 ms - -[0m
[0mGET /api/order/count [36m304[0m 252.476 ms - -[0m
[0mOPTIONS /api/auth/rootLogin [32m204[0m 7.614 ms - 0[0m
[0mOPTIONS /api/auth/rootLogin [32m204[0m 6.845 ms - 0[0m
[0mPOST /api/auth/rootLogin [32m200[0m 361.933 ms - 189[0m
[0mOPTIONS /api/order/list [32m204[0m 0.806 ms - 0[0m
[0mOPTIONS /api/order/count [32m204[0m 0.643 ms - 0[0m
[0mOPTIONS /api/order/totalDash-list [32m204[0m 0.504 ms - 0[0m
[0mPOST /api/order/list [32m200[0m 106.577 ms - 4275[0m
[0mGET /api/order/count [36m304[0m 115.547 ms - -[0m
[0mGET /api/order/totalDash-list [36m304[0m 141.038 ms - -[0m
